d:\code\ks\matmul-implement\x64\release\matmul-implement.rep
d:\code\ks\matmul-implement\x64\release\bs_recursive.obj
d:\code\ks\matmul-implement\x64\release\fully_decomposed_test.obj
d:\code\ks\matmul-implement\x64\release\main.obj
d:\code\ks\matmul-implement\x64\release\matrix.obj
d:\code\ks\matmul-implement\x64\release\mkl_measure.obj
d:\code\ks\matmul-implement\x64\release\phi_transform.obj
d:\code\ks\matmul-implement\x64\release\psi_transform.obj
d:\code\ks\matmul-implement\x64\release\recursive_bilinear_algorithm.obj
d:\code\ks\matmul-implement\x64\release\tau_transform.obj
d:\code\ks\matmul-implement\x64\release\u_phi_0_transform.obj
d:\code\ks\matmul-implement\x64\release\u_phi_1_transform.obj
d:\code\ks\matmul-implement\x64\release\u_phi_2_transform.obj
d:\code\ks\matmul-implement\x64\release\u_phi_3_transform.obj
d:\code\ks\matmul-implement\x64\release\u_phi_4_transform.obj
d:\code\ks\matmul-implement\x64\release\u_phi_5_transform.obj
d:\code\ks\matmul-implement\x64\release\u_phi_6_transform.obj
d:\code\ks\matmul-implement\x64\release\u_phi_transform.obj
d:\code\ks\matmul-implement\x64\release\u_tmp_1_transform.obj
d:\code\ks\matmul-implement\x64\release\v_psi_0_transform.obj
d:\code\ks\matmul-implement\x64\release\v_psi_1_transform.obj
d:\code\ks\matmul-implement\x64\release\v_psi_2_transform.obj
d:\code\ks\matmul-implement\x64\release\v_psi_3_transform.obj
d:\code\ks\matmul-implement\x64\release\v_psi_4_transform.obj
d:\code\ks\matmul-implement\x64\release\v_psi_5_transform.obj
d:\code\ks\matmul-implement\x64\release\v_psi_transform.obj
d:\code\ks\matmul-implement\x64\release\v_tmp_1_transform.obj
d:\code\ks\matmul-implement\x64\release\w_tau_0_transform.obj
d:\code\ks\matmul-implement\x64\release\w_tau_transform.obj
d:\code\ks\matmul-implement\x64\release\w_tmp_1_transform.obj
c:\users\elayek~1\appdata\local\temp\lnk{eef65ae1-9171-41ba-a658-30d86f77fee0}.tmp
c:\users\elayek~1\appdata\local\temp\lnk{9f90f84e-55dd-43d6-bd4d-6297d61aae26}.tmp
c:\users\elayek~1\appdata\local\temp\lnk{d09703be-58be-4d3d-99bf-2e2a2c9a4752}.tmp
c:\users\elayek~1\appdata\local\temp\lnk{efe3b680-e6d5-4faf-b7bd-40f003b184e9}.tmp
c:\users\elayek~1\appdata\local\temp\lnk{293e39d7-8110-426b-ae93-c42868312946}.tmp
c:\users\elayek~1\appdata\local\temp\lnk{6faed7b8-7eda-4fd0-97d1-3d808211f283}.tmp
c:\users\elayek~1\appdata\local\temp\lnk{df49b431-7d3e-4f9e-915a-598d13a9380a}.tmp
c:\users\elayek~1\appdata\local\temp\lnk{66a19616-809b-471d-8508-93b1224f8f1e}.tmp
c:\users\elayek~1\appdata\local\temp\lnk{b7752c79-156a-4734-b372-bfd91370f885}.tmp
c:\users\elayek~1\appdata\local\temp\lnk{f4f9a330-dbe7-42f9-8e18-c36c73838d89}.tmp
c:\users\elayek~1\appdata\local\temp\lnk{d354e803-9962-4114-8b2b-ccbeca5d215b}.tmp
c:\users\elayek~1\appdata\local\temp\lnk{fd0a3956-b7a7-4206-a4b0-9f3f51937b6a}.tmp
c:\users\elayek~1\appdata\local\temp\lnk{c6c8ec76-56da-4ed4-a8e9-373831b3fd91}.tmp
c:\users\elayek~1\appdata\local\temp\lnk{9020e508-0997-498b-980c-4c17fd219a4b}.tmp
c:\users\elayek~1\appdata\local\temp\lnk{92c2d8d9-0673-4e52-b1fa-544c08689695}.tmp
c:\users\elayek~1\appdata\local\temp\lnk{aa36a6dc-1f12-4e9c-96ad-7a7ab6946c13}.tmp
c:\users\elayek~1\appdata\local\temp\lnk{9a386195-2849-40d9-90e3-5aafbb3ae9d6}.tmp
c:\users\elayek~1\appdata\local\temp\lnk{20cca866-4e5b-4f28-a279-db5396e2ec84}.tmp
c:\users\elayek~1\appdata\local\temp\lnk{b8935b1e-e52b-4487-b3ad-48458ebde513}.tmp
c:\users\elayek~1\appdata\local\temp\lnk{79a7968b-7621-4190-8556-e01692bc1239}.tmp
c:\users\elayek~1\appdata\local\temp\lnk{5d4c5720-2edb-474e-86c3-603e5e363dfd}.tmp
c:\users\elayek~1\appdata\local\temp\lnk{88e7aa9c-301d-4e6b-8ffe-7e10eba44035}.tmp
d:\code\ks\matmul-implement\x64\release\matmul-implement.exe
d:\code\ks\matmul-implement\x64\release\matmul-implement.pdb
d:\code\ks\matmul-implement\x64\release\matmul-implement.gap
d:\code\ks\matmul-implement\x64\release\matmul-implement.tlog\icl-mcpcom.read.1.tlog
d:\code\ks\matmul-implement\x64\release\matmul-implement.tlog\icl-mcpcom.write.1.tlog
d:\code\ks\matmul-implement\x64\release\matmul-implement.tlog\icl.command.1.tlog
d:\code\ks\matmul-implement\x64\release\matmul-implement.tlog\icl.read.1.tlog
d:\code\ks\matmul-implement\x64\release\matmul-implement.tlog\icl.write.1.tlog
d:\code\ks\matmul-implement\x64\release\matmul-implement.tlog\xilink-link-cvtres.read.1.tlog
d:\code\ks\matmul-implement\x64\release\matmul-implement.tlog\xilink-link-cvtres.write.1.tlog
d:\code\ks\matmul-implement\x64\release\matmul-implement.tlog\xilink-link-rc.read.1.tlog
d:\code\ks\matmul-implement\x64\release\matmul-implement.tlog\xilink-link-rc.write.1.tlog
d:\code\ks\matmul-implement\x64\release\matmul-implement.tlog\xilink-link.read.1.tlog
d:\code\ks\matmul-implement\x64\release\matmul-implement.tlog\xilink-link.write.1.tlog
d:\code\ks\matmul-implement\x64\release\matmul-implement.tlog\xilink-mcpcom.read.1.tlog
d:\code\ks\matmul-implement\x64\release\matmul-implement.tlog\xilink-mcpcom.write.1.tlog
d:\code\ks\matmul-implement\x64\release\matmul-implement.tlog\xilink.command.1.tlog
d:\code\ks\matmul-implement\x64\release\matmul-implement.tlog\xilink.read.1.tlog
d:\code\ks\matmul-implement\x64\release\matmul-implement.tlog\xilink.write.1.tlog
